#! /usr/local/bin/vvp
:ivl_version "12.0 (stable)";
:ivl_delay_selection "TYPICAL";
:vpi_time_precision - 12;
:vpi_module "/usr/local/lib/ivl/system.vpi";
:vpi_module "/usr/local/lib/ivl/vhdl_sys.vpi";
:vpi_module "/usr/local/lib/ivl/vhdl_textio.vpi";
:vpi_module "/usr/local/lib/ivl/v2005_math.vpi";
:vpi_module "/usr/local/lib/ivl/va_math.vpi";
S_0x5bacdfcd4e60 .scope module, "tb" "tb" 2 3;
 .timescale -9 -12;
v0x5bacdfd291e0_0 .var "clk", 0 0;
v0x5bacdfd29280_0 .net "complete", 0 0, L_0x5bacdfcfb650;  1 drivers
v0x5bacdfd29370_0 .var "rst", 0 0;
E_0x5bacdfc7aa00 .event posedge, v0x5bacdfd282f0_0;
S_0x5bacdfcf2610 .scope module, "dut" "top" 2 19, 3 5 0, S_0x5bacdfcd4e60;
 .timescale -9 -12;
    .port_info 0 /INPUT 1 "clk";
    .port_info 1 /INPUT 1 "rst";
    .port_info 2 /OUTPUT 1 "complete";
P_0x5bacdfcb08f0 .param/l "CHANNEL" 0 3 10, +C4<00000000000000000000000000000011>;
P_0x5bacdfcb0930 .param/l "DIV" 1 3 25, C4<01>;
P_0x5bacdfcb0970 .param/l "H_in" 0 3 6, +C4<00000000000000000000000100000000>;
P_0x5bacdfcb09b0 .param/l "H_out" 0 3 8, +C4<00000000000000000000001000000000>;
P_0x5bacdfcb09f0 .param/l "MAP" 1 3 26, C4<10>;
P_0x5bacdfcb0a30 .param/l "W_in" 0 3 7, +C4<00000000000000000000000100000000>;
P_0x5bacdfcb0a70 .param/l "W_out" 0 3 9, +C4<00000000000000000000001000000000>;
P_0x5bacdfcb0ab0 .param/l "precision" 1 3 22, +C4<00000000000000000000000000001000>;
P_0x5bacdfcb0af0 .param/l "x_bit_in" 1 3 18, +C4<000000000000000000000000000001001>;
P_0x5bacdfcb0b30 .param/l "x_bit_out" 1 3 20, +C4<000000000000000000000000000001010>;
P_0x5bacdfcb0b70 .param/l "y_bit_in" 1 3 19, +C4<000000000000000000000000000001001>;
P_0x5bacdfcb0bb0 .param/l "y_bit_out" 1 3 21, +C4<000000000000000000000000000001010>;
L_0x5bacdfcfb650 .functor BUFZ 1, v0x5bacdfd28230_0, C4<0>, C4<0>, C4<0>;
L_0x71594b23d018 .functor BUFT 1, C4<00000000000000000000000100000000>, C4<0>, C4<0>, C4<0>;
v0x5bacdfd27ae0_0 .net/2s *"_ivl_0", 31 0, L_0x71594b23d018;  1 drivers
L_0x71594b23d0a8 .functor BUFT 1, C4<00000000000000000000000100000000>, C4<0>, C4<0>, C4<0>;
v0x5bacdfd27be0_0 .net/2s *"_ivl_10", 31 0, L_0x71594b23d0a8;  1 drivers
L_0x71594b23d0f0 .functor BUFT 1, C4<00000000000000000000001000000000>, C4<0>, C4<0>, C4<0>;
v0x5bacdfd27cc0_0 .net/2s *"_ivl_14", 31 0, L_0x71594b23d0f0;  1 drivers
L_0x71594b23e2f0 .functor BUFT 1, C4<0>, C4<0>, C4<0>, C4<0>;
v0x5bacdfd27db0_0 .net *"_ivl_37", 0 0, L_0x71594b23e2f0;  1 drivers
L_0x71594b23d060 .functor BUFT 1, C4<00000000000000000000001000000000>, C4<0>, C4<0>, C4<0>;
v0x5bacdfd27e90_0 .net/2s *"_ivl_4", 31 0, L_0x71594b23d060;  1 drivers
v0x5bacdfd27f70_0 .net "a", 7 0, L_0x5bacdfd39b90;  1 drivers
v0x5bacdfd28080_0 .net "b", 7 0, L_0x5bacdfd39c30;  1 drivers
v0x5bacdfd28190_0 .net "clk", 0 0, v0x5bacdfd291e0_0;  1 drivers
v0x5bacdfd28230_0 .var "com", 0 0;
v0x5bacdfd282f0_0 .net "complete", 0 0, L_0x5bacdfcfb650;  alias, 1 drivers
v0x5bacdfd283b0_0 .var "counter", 1 0;
v0x5bacdfd28470_0 .var "counter1", 1 0;
v0x5bacdfd28530_0 .net "en1", 0 0, v0x5bacdfd18b40_0;  1 drivers
v0x5bacdfd285d0_0 .net "en2", 0 0, v0x5bacdfd19c30_0;  1 drivers
v0x5bacdfd28670_0 .var "next_state", 1 0;
v0x5bacdfd28710_0 .net "r_H", 16 0, L_0x5bacdfd39a60;  1 drivers
v0x5bacdfd28800_0 .net "r_W", 16 0, L_0x5bacdfd396d0;  1 drivers
v0x5bacdfd288d0 .array "res", 786431 0, 7 0;
v0x5bacdfd28970_0 .net "rst", 0 0, v0x5bacdfd29370_0;  1 drivers
v0x5bacdfd28a30_0 .var "start", 0 0;
v0x5bacdfd28ad0_0 .var "state", 1 0;
v0x5bacdfd28bb0_0 .net "value", 7 0, L_0x5bacdfd44b30;  1 drivers
v0x5bacdfd28c70_0 .net "x_0", 8 0, L_0x5bacdfd39d20;  1 drivers
v0x5bacdfd28d40_0 .net "x_in", 16 0, L_0x5bacdfd3a370;  1 drivers
v0x5bacdfd28e00_0 .var "x_out", 9 0;
v0x5bacdfd28ef0_0 .net "y_0", 8 0, L_0x5bacdfd39e60;  1 drivers
v0x5bacdfd28fe0_0 .net "y_in", 16 0, L_0x5bacdfd3a7d0;  1 drivers
v0x5bacdfd290c0_0 .var "y_out", 9 0;
E_0x5bacdfcfe3f0/0 .event anyedge, v0x5bacdfd28970_0, v0x5bacdfd28ad0_0, v0x5bacdfd18b40_0, v0x5bacdfd19c30_0;
E_0x5bacdfcfe3f0/1 .event anyedge, v0x5bacdfd28470_0, v0x5bacdfd274a0_0, v0x5bacdfd1b640_0, v0x5bacdfd1ab20_0;
E_0x5bacdfcfe3f0/2 .event anyedge, v0x5bacdfd26c30_0;
E_0x5bacdfcfe3f0 .event/or E_0x5bacdfcfe3f0/0, E_0x5bacdfcfe3f0/1, E_0x5bacdfcfe3f0/2;
E_0x5bacdfcfcc30 .event anyedge, v0x5bacdfd28230_0;
L_0x5bacdfd394e0 .part L_0x71594b23d018, 0, 19;
L_0x5bacdfd395b0 .part L_0x71594b23d060, 0, 19;
L_0x5bacdfd396d0 .part v0x5bacdfd18c00_0, 0, 17;
L_0x5bacdfd397f0 .part L_0x71594b23d0a8, 0, 19;
L_0x5bacdfd39940 .part L_0x71594b23d0f0, 0, 19;
L_0x5bacdfd39a60 .part v0x5bacdfd19cf0_0, 0, 17;
L_0x5bacdfd39b90 .part L_0x5bacdfd3a370, 0, 8;
L_0x5bacdfd39c30 .part L_0x5bacdfd3a7d0, 0, 8;
L_0x5bacdfd39d20 .part L_0x5bacdfd3a370, 8, 9;
L_0x5bacdfd39e60 .part L_0x5bacdfd3a7d0, 8, 9;
L_0x5bacdfd3a370 .part L_0x5bacdfd3a230, 0, 17;
L_0x5bacdfd3a7d0 .part L_0x5bacdfd3a690, 0, 17;
L_0x5bacdfd44f10 .concat [ 2 1 0 0], v0x5bacdfd28470_0, L_0x71594b23e2f0;
S_0x5bacdfcebf30 .scope module, "div1" "div" 3 43, 4 4 0, S_0x5bacdfcf2610;
 .timescale -9 -12;
    .port_info 0 /INPUT 1 "clk";
    .port_info 1 /INPUT 1 "start";
    .port_info 2 /INPUT 19 "a";
    .port_info 3 /INPUT 19 "b";
    .port_info 4 /OUTPUT 27 "q";
    .port_info 5 /OUTPUT 1 "done";
P_0x5bacdfcf9d50 .param/l "IN_W" 0 4 5, +C4<0000000000000000000000000000010011>;
P_0x5bacdfcf9d90 .param/l "P" 0 4 6, +C4<00000000000000000000000000001000>;
v0x5bacdfcb65e0_0 .net "a", 18 0, L_0x5bacdfd394e0;  1 drivers
v0x5bacdfcb31c0_0 .net "b", 18 0, L_0x5bacdfd395b0;  1 drivers
v0x5bacdfcb3310_0 .var "busy", 0 0;
v0x5bacdfcfb7b0_0 .net "clk", 0 0, v0x5bacdfd291e0_0;  alias, 1 drivers
v0x5bacdfcf74f0_0 .var "count", 4 0;
v0x5bacdfcc90d0_0 .var "dividend", 26 0;
v0x5bacdfd18b40_0 .var "done", 0 0;
v0x5bacdfd18c00_0 .var "q", 26 0;
v0x5bacdfd18ce0_0 .var "quotient", 26 0;
v0x5bacdfd18dc0_0 .var "remainder", 27 0;
v0x5bacdfd18ea0_0 .net "start", 0 0, v0x5bacdfd28a30_0;  1 drivers
v0x5bacdfd18f60_0 .var "temp", 27 0;
v0x5bacdfd19040_0 .var "temp1", 27 0;
E_0x5bacdfcfe430 .event anyedge, v0x5bacdfd18dc0_0, v0x5bacdfcb31c0_0;
E_0x5bacdfcfdaf0 .event posedge, v0x5bacdfcfb7b0_0;
S_0x5bacdfd19220 .scope module, "div2" "div" 3 51, 4 4 0, S_0x5bacdfcf2610;
 .timescale -9 -12;
    .port_info 0 /INPUT 1 "clk";
    .port_info 1 /INPUT 1 "start";
    .port_info 2 /INPUT 19 "a";
    .port_info 3 /INPUT 19 "b";
    .port_info 4 /OUTPUT 27 "q";
    .port_info 5 /OUTPUT 1 "done";
P_0x5bacdfd193d0 .param/l "IN_W" 0 4 5, +C4<0000000000000000000000000000010011>;
P_0x5bacdfd19410 .param/l "P" 0 4 6, +C4<00000000000000000000000000001000>;
v0x5bacdfd196c0_0 .net "a", 18 0, L_0x5bacdfd397f0;  1 drivers
v0x5bacdfd197c0_0 .net "b", 18 0, L_0x5bacdfd39940;  1 drivers
v0x5bacdfd198a0_0 .var "busy", 0 0;
v0x5bacdfd19970_0 .net "clk", 0 0, v0x5bacdfd291e0_0;  alias, 1 drivers
v0x5bacdfd19a40_0 .var "count", 4 0;
v0x5bacdfd19b50_0 .var "dividend", 26 0;
v0x5bacdfd19c30_0 .var "done", 0 0;
v0x5bacdfd19cf0_0 .var "q", 26 0;
v0x5bacdfd19dd0_0 .var "quotient", 26 0;
v0x5bacdfd19eb0_0 .var "remainder", 27 0;
v0x5bacdfd19f90_0 .net "start", 0 0, v0x5bacdfd28a30_0;  alias, 1 drivers
v0x5bacdfd1a030_0 .var "temp", 27 0;
v0x5bacdfd1a0f0_0 .var "temp1", 27 0;
E_0x5bacdfd19660 .event anyedge, v0x5bacdfd19eb0_0, v0x5bacdfd197c0_0;
S_0x5bacdfd1a2d0 .scope module, "m1" "mul" 3 91, 5 6 0, S_0x5bacdfcf2610;
 .timescale -9 -12;
    .port_info 0 /OUTPUT 27 "out";
    .port_info 1 /INPUT 10 "a";
    .port_info 2 /INPUT 17 "b";
P_0x5bacdfcfd470 .param/l "M" 0 5 8, +C4<000000000000000000000000000001001>;
P_0x5bacdfcfd4b0 .param/l "N" 0 5 7, +C4<000000000000000000000000000001010>;
P_0x5bacdfcfd4f0 .param/l "R" 0 5 9, +C4<000000000000000000000000000001001>;
P_0x5bacdfcfd530 .param/l "precision" 0 5 10, +C4<00000000000000000000000000001000>;
v0x5bacdfd1a770_0 .net *"_ivl_0", 26 0, L_0x5bacdfd39fb0;  1 drivers
L_0x71594b23d138 .functor BUFT 1, C4<00000000000000000>, C4<0>, C4<0>, C4<0>;
v0x5bacdfd1a870_0 .net *"_ivl_3", 16 0, L_0x71594b23d138;  1 drivers
v0x5bacdfd1a950_0 .net *"_ivl_4", 26 0, L_0x5bacdfd3a140;  1 drivers
L_0x71594b23d180 .functor BUFT 1, C4<0000000000>, C4<0>, C4<0>, C4<0>;
v0x5bacdfd1aa40_0 .net *"_ivl_7", 9 0, L_0x71594b23d180;  1 drivers
v0x5bacdfd1ab20_0 .net "a", 9 0, v0x5bacdfd28e00_0;  1 drivers
v0x5bacdfd1ac50_0 .net "b", 16 0, L_0x5bacdfd396d0;  alias, 1 drivers
v0x5bacdfd1ad30_0 .net "out", 26 0, L_0x5bacdfd3a230;  1 drivers
L_0x5bacdfd39fb0 .concat [ 10 17 0 0], v0x5bacdfd28e00_0, L_0x71594b23d138;
L_0x5bacdfd3a140 .concat [ 17 10 0 0], L_0x5bacdfd396d0, L_0x71594b23d180;
L_0x5bacdfd3a230 .arith/mult 27, L_0x5bacdfd39fb0, L_0x5bacdfd3a140;
S_0x5bacdfd1ae90 .scope module, "m2" "mul" 3 97, 5 6 0, S_0x5bacdfcf2610;
 .timescale -9 -12;
    .port_info 0 /OUTPUT 27 "out";
    .port_info 1 /INPUT 10 "a";
    .port_info 2 /INPUT 17 "b";
P_0x5bacdfcfd360 .param/l "M" 0 5 8, +C4<000000000000000000000000000001001>;
P_0x5bacdfcfd3a0 .param/l "N" 0 5 7, +C4<000000000000000000000000000001010>;
P_0x5bacdfcfd3e0 .param/l "R" 0 5 9, +C4<000000000000000000000000000001001>;
P_0x5bacdfcfd420 .param/l "precision" 0 5 10, +C4<00000000000000000000000000001000>;
v0x5bacdfd1b290_0 .net *"_ivl_0", 26 0, L_0x5bacdfd3a460;  1 drivers
L_0x71594b23d1c8 .functor BUFT 1, C4<00000000000000000>, C4<0>, C4<0>, C4<0>;
v0x5bacdfd1b390_0 .net *"_ivl_3", 16 0, L_0x71594b23d1c8;  1 drivers
v0x5bacdfd1b470_0 .net *"_ivl_4", 26 0, L_0x5bacdfd3a5a0;  1 drivers
L_0x71594b23d210 .functor BUFT 1, C4<0000000000>, C4<0>, C4<0>, C4<0>;
v0x5bacdfd1b560_0 .net *"_ivl_7", 9 0, L_0x71594b23d210;  1 drivers
v0x5bacdfd1b640_0 .net "a", 9 0, v0x5bacdfd290c0_0;  1 drivers
v0x5bacdfd1b770_0 .net "b", 16 0, L_0x5bacdfd39a60;  alias, 1 drivers
v0x5bacdfd1b850_0 .net "out", 26 0, L_0x5bacdfd3a690;  1 drivers
L_0x5bacdfd3a460 .concat [ 10 17 0 0], v0x5bacdfd290c0_0, L_0x71594b23d1c8;
L_0x5bacdfd3a5a0 .concat [ 17 10 0 0], L_0x5bacdfd39a60, L_0x71594b23d210;
L_0x5bacdfd3a690 .arith/mult 27, L_0x5bacdfd3a460, L_0x5bacdfd3a5a0;
S_0x5bacdfd1b9b0 .scope module, "t1" "transform" 3 111, 6 4 0, S_0x5bacdfcf2610;
 .timescale -9 -12;
    .port_info 0 /INPUT 1 "clk";
    .port_info 1 /INPUT 9 "x_0";
    .port_info 2 /INPUT 9 "y_0";
    .port_info 3 /INPUT 8 "a";
    .port_info 4 /INPUT 8 "b";
    .port_info 5 /INPUT 2 "counter";
    .port_info 6 /INPUT 3 "counter1";
    .port_info 7 /OUTPUT 8 "v";
P_0x5bacdfc58690 .param/l "CHANNEL" 0 6 10, +C4<00000000000000000000000000000011>;
P_0x5bacdfc586d0 .param/l "H_in" 0 6 9, +C4<00000000000000000000000100000000>;
P_0x5bacdfc58710 .param/l "M" 0 6 6, +C4<000000000000000000000000000001001>;
P_0x5bacdfc58750 .param/l "N" 0 6 5, +C4<000000000000000000000000000001001>;
P_0x5bacdfc58790 .param/l "W_in" 0 6 8, +C4<00000000000000000000000100000000>;
P_0x5bacdfc587d0 .param/l "precision" 0 6 7, +C4<00000000000000000000000000001000>;
P_0x5bacdfc58810 .param/l "x_bit_in" 1 6 21, +C4<000000000000000000000000000001001>;
L_0x5bacdfd3c0c0 .functor BUFZ 8, L_0x5bacdfd3c130, C4<00000000>, C4<00000000>, C4<00000000>;
L_0x5bacdfcf6b90 .functor BUFZ 8, L_0x5bacdfd3cb00, C4<00000000>, C4<00000000>, C4<00000000>;
L_0x5bacdfccadf0 .functor BUFZ 8, L_0x5bacdfd3d550, C4<00000000>, C4<00000000>, C4<00000000>;
L_0x5bacdfcb0880 .functor BUFZ 8, L_0x5bacdfd3dfd0, C4<00000000>, C4<00000000>, C4<00000000>;
L_0x71594b23d330 .functor BUFT 1, C4<000000001>, C4<0>, C4<0>, C4<0>;
v0x5bacdfd1f270_0 .net/2u *"_ivl_10", 8 0, L_0x71594b23d330;  1 drivers
v0x5bacdfd1f350_0 .net *"_ivl_100", 31 0, L_0x5bacdfd3d7d0;  1 drivers
L_0x71594b23d918 .functor BUFT 1, C4<00000000000000000000000>, C4<0>, C4<0>, C4<0>;
v0x5bacdfd1f430_0 .net *"_ivl_103", 22 0, L_0x71594b23d918;  1 drivers
v0x5bacdfd1f4f0_0 .net *"_ivl_104", 31 0, L_0x5bacdfd3d8c0;  1 drivers
L_0x71594b23d960 .functor BUFT 1, C4<00000000000000000000000000000011>, C4<0>, C4<0>, C4<0>;
v0x5bacdfd1f5d0_0 .net/2u *"_ivl_106", 31 0, L_0x71594b23d960;  1 drivers
v0x5bacdfd1f700_0 .net *"_ivl_109", 31 0, L_0x5bacdfd3db00;  1 drivers
v0x5bacdfd1f7e0_0 .net *"_ivl_110", 31 0, L_0x5bacdfd3dc40;  1 drivers
L_0x71594b23d9a8 .functor BUFT 1, C4<000000000000000000000000000000>, C4<0>, C4<0>, C4<0>;
v0x5bacdfd1f8c0_0 .net *"_ivl_113", 29 0, L_0x71594b23d9a8;  1 drivers
v0x5bacdfd1f9a0_0 .net *"_ivl_114", 31 0, L_0x5bacdfd3ddf0;  1 drivers
v0x5bacdfd1fa80_0 .net *"_ivl_118", 7 0, L_0x5bacdfd3dfd0;  1 drivers
v0x5bacdfd1fb60_0 .net *"_ivl_12", 8 0, L_0x5bacdfd3aba0;  1 drivers
v0x5bacdfd1fc40_0 .net *"_ivl_120", 31 0, L_0x5bacdfd3e190;  1 drivers
L_0x71594b23d9f0 .functor BUFT 1, C4<00000000000000>, C4<0>, C4<0>, C4<0>;
v0x5bacdfd1fd20_0 .net *"_ivl_123", 13 0, L_0x71594b23d9f0;  1 drivers
v0x5bacdfd1fe00_0 .net *"_ivl_124", 31 0, L_0x5bacdfd3e2c0;  1 drivers
L_0x71594b23da38 .functor BUFT 1, C4<00000000000000000000000>, C4<0>, C4<0>, C4<0>;
v0x5bacdfd1fee0_0 .net *"_ivl_127", 22 0, L_0x71594b23da38;  1 drivers
v0x5bacdfd1ffc0_0 .net *"_ivl_128", 31 0, L_0x5bacdfd3e0c0;  1 drivers
L_0x71594b23da80 .functor BUFT 1, C4<00000000000000000000000000000011>, C4<0>, C4<0>, C4<0>;
v0x5bacdfd200a0_0 .net/2u *"_ivl_130", 31 0, L_0x71594b23da80;  1 drivers
v0x5bacdfd20180_0 .net *"_ivl_133", 31 0, L_0x5bacdfd3e530;  1 drivers
v0x5bacdfd20260_0 .net *"_ivl_134", 31 0, L_0x5bacdfd3e7b0;  1 drivers
L_0x71594b23dac8 .functor BUFT 1, C4<000000000000000000000000000000>, C4<0>, C4<0>, C4<0>;
v0x5bacdfd20340_0 .net *"_ivl_137", 29 0, L_0x71594b23dac8;  1 drivers
v0x5bacdfd20420_0 .net *"_ivl_138", 31 0, L_0x5bacdfd3e8a0;  1 drivers
L_0x71594b23d378 .functor BUFT 1, C4<000000001>, C4<0>, C4<0>, C4<0>;
v0x5bacdfd20500_0 .net/2u *"_ivl_14", 8 0, L_0x71594b23d378;  1 drivers
v0x5bacdfd205e0_0 .net *"_ivl_142", 15 0, L_0x5bacdfd3ebd0;  1 drivers
L_0x71594b23db10 .functor BUFT 1, C4<00000000>, C4<0>, C4<0>, C4<0>;
v0x5bacdfd206c0_0 .net *"_ivl_145", 7 0, L_0x71594b23db10;  1 drivers
v0x5bacdfd207a0_0 .net *"_ivl_148", 7 0, L_0x5bacdfd3ed00;  1 drivers
L_0x71594b23db58 .functor BUFT 1, C4<00000000>, C4<0>, C4<0>, C4<0>;
v0x5bacdfd20880_0 .net *"_ivl_150", 7 0, L_0x71594b23db58;  1 drivers
v0x5bacdfd20960_0 .net *"_ivl_152", 15 0, L_0x5bacdfd3f090;  1 drivers
L_0x71594b23dba0 .functor BUFT 1, C4<00000000>, C4<0>, C4<0>, C4<0>;
v0x5bacdfd20a40_0 .net *"_ivl_155", 7 0, L_0x71594b23dba0;  1 drivers
v0x5bacdfd20b20_0 .net *"_ivl_158", 7 0, L_0x5bacdfd3f330;  1 drivers
v0x5bacdfd20c00_0 .net *"_ivl_16", 8 0, L_0x5bacdfd3acd0;  1 drivers
L_0x71594b23dbe8 .functor BUFT 1, C4<00000000>, C4<0>, C4<0>, C4<0>;
v0x5bacdfd20ce0_0 .net *"_ivl_160", 7 0, L_0x71594b23dbe8;  1 drivers
v0x5bacdfd20dc0_0 .net *"_ivl_162", 31 0, L_0x5bacdfd3fa50;  1 drivers
L_0x71594b23dcc0 .functor BUFT 1, C4<00000000000000000000000000000>, C4<0>, C4<0>, C4<0>;
v0x5bacdfd20ea0_0 .net *"_ivl_165", 28 0, L_0x71594b23dcc0;  1 drivers
L_0x71594b23dd08 .functor BUFT 1, C4<00000000000000000000000000000000>, C4<0>, C4<0>, C4<0>;
v0x5bacdfd20f80_0 .net/2u *"_ivl_166", 31 0, L_0x71594b23dd08;  1 drivers
v0x5bacdfd21060_0 .net *"_ivl_168", 0 0, L_0x5bacdfd3fb40;  1 drivers
v0x5bacdfd21120_0 .net *"_ivl_170", 31 0, L_0x5bacdfd3fe10;  1 drivers
L_0x71594b23dd50 .functor BUFT 1, C4<00000000000000000000000000000>, C4<0>, C4<0>, C4<0>;
v0x5bacdfd21200_0 .net *"_ivl_173", 28 0, L_0x71594b23dd50;  1 drivers
L_0x71594b23dd98 .functor BUFT 1, C4<00000000000000000000000000000001>, C4<0>, C4<0>, C4<0>;
v0x5bacdfd212e0_0 .net/2u *"_ivl_174", 31 0, L_0x71594b23dd98;  1 drivers
v0x5bacdfd213c0_0 .net *"_ivl_176", 0 0, L_0x5bacdfd3ff50;  1 drivers
v0x5bacdfd21480_0 .net *"_ivl_178", 31 0, L_0x5bacdfd40230;  1 drivers
L_0x71594b23dde0 .functor BUFT 1, C4<00000000000000000000000000000>, C4<0>, C4<0>, C4<0>;
v0x5bacdfd21560_0 .net *"_ivl_181", 28 0, L_0x71594b23dde0;  1 drivers
L_0x71594b23de28 .functor BUFT 1, C4<00000000000000000000000000000010>, C4<0>, C4<0>, C4<0>;
v0x5bacdfd21640_0 .net/2u *"_ivl_182", 31 0, L_0x71594b23de28;  1 drivers
v0x5bacdfd21720_0 .net *"_ivl_184", 0 0, L_0x5bacdfd40320;  1 drivers
v0x5bacdfd217e0_0 .net *"_ivl_186", 31 0, L_0x5bacdfd40610;  1 drivers
L_0x71594b23de70 .functor BUFT 1, C4<00000000000000000000000000000>, C4<0>, C4<0>, C4<0>;
v0x5bacdfd218c0_0 .net *"_ivl_189", 28 0, L_0x71594b23de70;  1 drivers
L_0x71594b23deb8 .functor BUFT 1, C4<00000000000000000000000000000011>, C4<0>, C4<0>, C4<0>;
v0x5bacdfd219a0_0 .net/2u *"_ivl_190", 31 0, L_0x71594b23deb8;  1 drivers
v0x5bacdfd21a80_0 .net *"_ivl_192", 0 0, L_0x5bacdfd40740;  1 drivers
v0x5bacdfd21b40_0 .net *"_ivl_194", 7 0, L_0x5bacdfd40a70;  1 drivers
v0x5bacdfd21c20_0 .net *"_ivl_196", 7 0, L_0x5bacdfd40c00;  1 drivers
v0x5bacdfd21d00_0 .net *"_ivl_198", 7 0, L_0x5bacdfd40f60;  1 drivers
v0x5bacdfd21de0_0 .net *"_ivl_2", 31 0, L_0x5bacdfd3a9c0;  1 drivers
v0x5bacdfd21ec0_0 .net *"_ivl_20", 31 0, L_0x5bacdfd3af80;  1 drivers
v0x5bacdfd21fa0_0 .net *"_ivl_202", 31 0, L_0x5bacdfd41460;  1 drivers
L_0x71594b23df00 .functor BUFT 1, C4<00000000000000000000000000000>, C4<0>, C4<0>, C4<0>;
v0x5bacdfd22080_0 .net *"_ivl_205", 28 0, L_0x71594b23df00;  1 drivers
L_0x71594b23df48 .functor BUFT 1, C4<00000000000000000000000000000000>, C4<0>, C4<0>, C4<0>;
v0x5bacdfd22160_0 .net/2u *"_ivl_206", 31 0, L_0x71594b23df48;  1 drivers
v0x5bacdfd22240_0 .net *"_ivl_208", 0 0, L_0x5bacdfd41550;  1 drivers
v0x5bacdfd22300_0 .net *"_ivl_210", 15 0, L_0x5bacdfd41880;  1 drivers
v0x5bacdfd223e0_0 .net *"_ivl_212", 15 0, L_0x5bacdfd41a30;  1 drivers
v0x5bacdfd224c0_0 .net *"_ivl_214", 15 0, L_0x5bacdfd41d70;  1 drivers
v0x5bacdfd225a0_0 .net *"_ivl_216", 31 0, L_0x5bacdfd41e60;  1 drivers
L_0x71594b23df90 .functor BUFT 1, C4<00000000000000000000000000000>, C4<0>, C4<0>, C4<0>;
v0x5bacdfd22680_0 .net *"_ivl_219", 28 0, L_0x71594b23df90;  1 drivers
L_0x71594b23dfd8 .functor BUFT 1, C4<00000000000000000000000000000001>, C4<0>, C4<0>, C4<0>;
v0x5bacdfd22760_0 .net/2u *"_ivl_220", 31 0, L_0x71594b23dfd8;  1 drivers
v0x5bacdfd22840_0 .net *"_ivl_222", 0 0, L_0x5bacdfd42160;  1 drivers
v0x5bacdfd22900_0 .net *"_ivl_224", 15 0, L_0x5bacdfd422a0;  1 drivers
v0x5bacdfd229e0_0 .net *"_ivl_226", 31 0, L_0x5bacdfd425f0;  1 drivers
L_0x71594b23e020 .functor BUFT 1, C4<00000000000000000000000000000>, C4<0>, C4<0>, C4<0>;
v0x5bacdfd22ac0_0 .net *"_ivl_229", 28 0, L_0x71594b23e020;  1 drivers
L_0x71594b23d3c0 .functor BUFT 1, C4<00000000000000000000000>, C4<0>, C4<0>, C4<0>;
v0x5bacdfd22ba0_0 .net *"_ivl_23", 22 0, L_0x71594b23d3c0;  1 drivers
L_0x71594b23e068 .functor BUFT 1, C4<00000000000000000000000000000010>, C4<0>, C4<0>, C4<0>;
v0x5bacdfd22c80_0 .net/2u *"_ivl_230", 31 0, L_0x71594b23e068;  1 drivers
v0x5bacdfd22d60_0 .net *"_ivl_232", 0 0, L_0x5bacdfd42690;  1 drivers
v0x5bacdfd22e20_0 .net *"_ivl_234", 15 0, L_0x5bacdfd42a00;  1 drivers
v0x5bacdfd22f00_0 .net *"_ivl_236", 31 0, L_0x5bacdfd42aa0;  1 drivers
L_0x71594b23e0b0 .functor BUFT 1, C4<00000000000000000000000000000>, C4<0>, C4<0>, C4<0>;
v0x5bacdfd22fe0_0 .net *"_ivl_239", 28 0, L_0x71594b23e0b0;  1 drivers
L_0x71594b23d408 .functor BUFT 1, C4<00000000000000000000000011111111>, C4<0>, C4<0>, C4<0>;
v0x5bacdfd230c0_0 .net/2u *"_ivl_24", 31 0, L_0x71594b23d408;  1 drivers
L_0x71594b23e0f8 .functor BUFT 1, C4<00000000000000000000000000000011>, C4<0>, C4<0>, C4<0>;
v0x5bacdfd231a0_0 .net/2u *"_ivl_240", 31 0, L_0x71594b23e0f8;  1 drivers
v0x5bacdfd23280_0 .net *"_ivl_242", 0 0, L_0x5bacdfd42dd0;  1 drivers
v0x5bacdfd23340_0 .net *"_ivl_244", 15 0, L_0x5bacdfd42f10;  1 drivers
v0x5bacdfd23420_0 .net *"_ivl_246", 15 0, L_0x5bacdfd43250;  1 drivers
v0x5bacdfd23500_0 .net *"_ivl_248", 15 0, L_0x5bacdfd433e0;  1 drivers
v0x5bacdfd235e0_0 .net *"_ivl_252", 31 0, L_0x5bacdfd43d20;  1 drivers
L_0x71594b23e1d0 .functor BUFT 1, C4<00000000>, C4<0>, C4<0>, C4<0>;
v0x5bacdfd236c0_0 .net *"_ivl_255", 7 0, L_0x71594b23e1d0;  1 drivers
v0x5bacdfd237a0_0 .net *"_ivl_256", 31 0, L_0x5bacdfd44080;  1 drivers
L_0x71594b23e218 .functor BUFT 1, C4<00000000>, C4<0>, C4<0>, C4<0>;
v0x5bacdfd23880_0 .net *"_ivl_259", 7 0, L_0x71594b23e218;  1 drivers
v0x5bacdfd23960_0 .net *"_ivl_26", 0 0, L_0x5bacdfd3b0f0;  1 drivers
v0x5bacdfd23a20_0 .net *"_ivl_260", 31 0, L_0x5bacdfd44170;  1 drivers
L_0x71594b23e260 .functor BUFT 1, C4<00000000000000001000000000000000>, C4<0>, C4<0>, C4<0>;
v0x5bacdfd23b00_0 .net/2u *"_ivl_262", 31 0, L_0x71594b23e260;  1 drivers
v0x5bacdfd23be0_0 .net *"_ivl_264", 31 0, L_0x5bacdfd44530;  1 drivers
v0x5bacdfd23cc0_0 .net *"_ivl_266", 31 0, L_0x5bacdfd449f0;  1 drivers
v0x5bacdfd23da0_0 .net *"_ivl_268", 15 0, L_0x5bacdfd44670;  1 drivers
L_0x71594b23e2a8 .functor BUFT 1, C4<0000000000000000>, C4<0>, C4<0>, C4<0>;
v0x5bacdfd23e80_0 .net *"_ivl_270", 15 0, L_0x71594b23e2a8;  1 drivers
L_0x71594b23d450 .functor BUFT 1, C4<000000001>, C4<0>, C4<0>, C4<0>;
v0x5bacdfd23f60_0 .net/2u *"_ivl_28", 8 0, L_0x71594b23d450;  1 drivers
v0x5bacdfd24040_0 .net *"_ivl_30", 8 0, L_0x5bacdfd3b230;  1 drivers
L_0x71594b23d498 .functor BUFT 1, C4<000000001>, C4<0>, C4<0>, C4<0>;
v0x5bacdfd24120_0 .net/2u *"_ivl_32", 8 0, L_0x71594b23d498;  1 drivers
v0x5bacdfd24200_0 .net *"_ivl_34", 8 0, L_0x5bacdfd3b480;  1 drivers
L_0x71594b23d570 .functor BUFT 1, C4<00000000000000000000000100000000>, C4<0>, C4<0>, C4<0>;
v0x5bacdfd242e0_0 .net/2s *"_ivl_38", 31 0, L_0x71594b23d570;  1 drivers
L_0x71594b23d648 .functor BUFT 1, C4<00000000000000000000000100000000>, C4<0>, C4<0>, C4<0>;
v0x5bacdfd243c0_0 .net/2s *"_ivl_42", 31 0, L_0x71594b23d648;  1 drivers
v0x5bacdfd244a0_0 .net *"_ivl_46", 7 0, L_0x5bacdfd3c130;  1 drivers
v0x5bacdfd24580_0 .net *"_ivl_48", 31 0, L_0x5bacdfd3c1d0;  1 drivers
L_0x71594b23d2a0 .functor BUFT 1, C4<00000000000000000000000>, C4<0>, C4<0>, C4<0>;
v0x5bacdfd24660_0 .net *"_ivl_5", 22 0, L_0x71594b23d2a0;  1 drivers
L_0x71594b23d690 .functor BUFT 1, C4<00000000000000>, C4<0>, C4<0>, C4<0>;
v0x5bacdfd24740_0 .net *"_ivl_51", 13 0, L_0x71594b23d690;  1 drivers
v0x5bacdfd24820_0 .net *"_ivl_52", 31 0, L_0x5bacdfd3c340;  1 drivers
L_0x71594b23d6d8 .functor BUFT 1, C4<00000000000000000000000>, C4<0>, C4<0>, C4<0>;
v0x5bacdfd24900_0 .net *"_ivl_55", 22 0, L_0x71594b23d6d8;  1 drivers
v0x5bacdfd249e0_0 .net *"_ivl_56", 31 0, L_0x5bacdfd3c430;  1 drivers
L_0x71594b23d720 .functor BUFT 1, C4<00000000000000000000000000000011>, C4<0>, C4<0>, C4<0>;
v0x5bacdfd24ac0_0 .net/2u *"_ivl_58", 31 0, L_0x71594b23d720;  1 drivers
L_0x71594b23d2e8 .functor BUFT 1, C4<00000000000000000000000011111111>, C4<0>, C4<0>, C4<0>;
v0x5bacdfd24ba0_0 .net/2u *"_ivl_6", 31 0, L_0x71594b23d2e8;  1 drivers
v0x5bacdfd24c80_0 .net *"_ivl_61", 31 0, L_0x5bacdfd3c600;  1 drivers
v0x5bacdfd24d60_0 .net *"_ivl_62", 31 0, L_0x5bacdfd3c740;  1 drivers
L_0x71594b23d768 .functor BUFT 1, C4<000000000000000000000000000000>, C4<0>, C4<0>, C4<0>;
v0x5bacdfd24e40_0 .net *"_ivl_65", 29 0, L_0x71594b23d768;  1 drivers
v0x5bacdfd24f20_0 .net *"_ivl_66", 31 0, L_0x5bacdfd3c920;  1 drivers
v0x5bacdfd25000_0 .net *"_ivl_70", 7 0, L_0x5bacdfd3cb00;  1 drivers
v0x5bacdfd250e0_0 .net *"_ivl_72", 31 0, L_0x5bacdfd3c830;  1 drivers
L_0x71594b23d7b0 .functor BUFT 1, C4<00000000000000>, C4<0>, C4<0>, C4<0>;
v0x5bacdfd251c0_0 .net *"_ivl_75", 13 0, L_0x71594b23d7b0;  1 drivers
v0x5bacdfd252a0_0 .net *"_ivl_76", 31 0, L_0x5bacdfd3cc50;  1 drivers
L_0x71594b23d7f8 .functor BUFT 1, C4<00000000000000000000000>, C4<0>, C4<0>, C4<0>;
v0x5bacdfd25380_0 .net *"_ivl_79", 22 0, L_0x71594b23d7f8;  1 drivers
v0x5bacdfd25460_0 .net *"_ivl_8", 0 0, L_0x5bacdfd3aa60;  1 drivers
v0x5bacdfd25520_0 .net *"_ivl_80", 31 0, L_0x5bacdfd3ce50;  1 drivers
L_0x71594b23d840 .functor BUFT 1, C4<00000000000000000000000000000011>, C4<0>, C4<0>, C4<0>;
v0x5bacdfd25600_0 .net/2u *"_ivl_82", 31 0, L_0x71594b23d840;  1 drivers
v0x5bacdfd256e0_0 .net *"_ivl_85", 31 0, L_0x5bacdfd3cf90;  1 drivers
v0x5bacdfd257c0_0 .net *"_ivl_86", 31 0, L_0x5bacdfd3d1a0;  1 drivers
L_0x71594b23d888 .functor BUFT 1, C4<000000000000000000000000000000>, C4<0>, C4<0>, C4<0>;
v0x5bacdfd258a0_0 .net *"_ivl_89", 29 0, L_0x71594b23d888;  1 drivers
v0x5bacdfd25980_0 .net *"_ivl_90", 31 0, L_0x5bacdfd3d290;  1 drivers
v0x5bacdfd25a60_0 .net *"_ivl_94", 7 0, L_0x5bacdfd3d550;  1 drivers
v0x5bacdfd25b40_0 .net *"_ivl_96", 31 0, L_0x5bacdfd3d5f0;  1 drivers
L_0x71594b23d8d0 .functor BUFT 1, C4<00000000000000>, C4<0>, C4<0>, C4<0>;
v0x5bacdfd25c20_0 .net *"_ivl_99", 13 0, L_0x71594b23d8d0;  1 drivers
v0x5bacdfd25d00_0 .net "a", 7 0, L_0x5bacdfd39b90;  alias, 1 drivers
v0x5bacdfd25dc0_0 .net "a_ex", 15 0, L_0x5bacdfd3ef50;  1 drivers
v0x5bacdfd25e80_0 .net "ab", 15 0, L_0x5bacdfd3f8c0;  1 drivers
v0x5bacdfd25f70_0 .var "acc", 23 0;
v0x5bacdfd26030_0 .net "addr0", 17 0, L_0x5bacdfd3b940;  1 drivers
v0x5bacdfd26120_0 .net "addr2", 17 0, L_0x5bacdfd3bdf0;  1 drivers
v0x5bacdfd26a00_0 .net "b", 7 0, L_0x5bacdfd39c30;  alias, 1 drivers
v0x5bacdfd26ad0_0 .net "b_ex", 15 0, L_0x5bacdfd3f420;  1 drivers
v0x5bacdfd26b90_0 .net "clk", 0 0, v0x5bacdfd291e0_0;  alias, 1 drivers
v0x5bacdfd26c30_0 .net "counter", 1 0, v0x5bacdfd283b0_0;  1 drivers
v0x5bacdfd26d10_0 .net "counter1", 2 0, L_0x5bacdfd44f10;  1 drivers
v0x5bacdfd26df0 .array "image", 196607 0, 7 0;
L_0x71594b23d258 .functor BUFT 1, C4<1111111111111111>, C4<0>, C4<0>, C4<0>;
v0x5bacdfd26eb0_0 .net "one", 15 0, L_0x71594b23d258;  1 drivers
v0x5bacdfd26f90_0 .net "p", 7 0, L_0x5bacdfd410f0;  1 drivers
v0x5bacdfd27050_0 .net "p00", 7 0, L_0x5bacdfd3c0c0;  1 drivers
v0x5bacdfd27110_0 .net "p01", 7 0, L_0x5bacdfccadf0;  1 drivers
v0x5bacdfd271f0_0 .net "p10", 7 0, L_0x5bacdfcf6b90;  1 drivers
v0x5bacdfd272d0_0 .net "p11", 7 0, L_0x5bacdfcb0880;  1 drivers
v0x5bacdfd273b0_0 .net "temp", 23 0, L_0x5bacdfd43b90;  1 drivers
v0x5bacdfd274a0_0 .net "v", 7 0, L_0x5bacdfd44b30;  alias, 1 drivers
v0x5bacdfd27560_0 .net "weight", 15 0, L_0x5bacdfd437d0;  1 drivers
v0x5bacdfd27650_0 .net "x1", 8 0, L_0x5bacdfd3adf0;  1 drivers
v0x5bacdfd27710_0 .net "x_0", 8 0, L_0x5bacdfd39d20;  alias, 1 drivers
v0x5bacdfd277f0_0 .net "y1", 8 0, L_0x5bacdfd3b570;  1 drivers
v0x5bacdfd278e0_0 .net "y_0", 8 0, L_0x5bacdfd39e60;  alias, 1 drivers
L_0x5bacdfd3a9c0 .concat [ 9 23 0 0], L_0x5bacdfd39d20, L_0x71594b23d2a0;
L_0x5bacdfd3aa60 .cmp/eq 32, L_0x5bacdfd3a9c0, L_0x71594b23d2e8;
L_0x5bacdfd3aba0 .arith/sub 9, L_0x5bacdfd39d20, L_0x71594b23d330;
L_0x5bacdfd3acd0 .arith/sum 9, L_0x5bacdfd39d20, L_0x71594b23d378;
L_0x5bacdfd3adf0 .functor MUXZ 9, L_0x5bacdfd3acd0, L_0x5bacdfd3aba0, L_0x5bacdfd3aa60, C4<>;
L_0x5bacdfd3af80 .concat [ 9 23 0 0], L_0x5bacdfd39e60, L_0x71594b23d3c0;
L_0x5bacdfd3b0f0 .cmp/eq 32, L_0x5bacdfd3af80, L_0x71594b23d408;
L_0x5bacdfd3b230 .arith/sub 9, L_0x5bacdfd39e60, L_0x71594b23d450;
L_0x5bacdfd3b480 .arith/sum 9, L_0x5bacdfd39e60, L_0x71594b23d498;
L_0x5bacdfd3b570 .functor MUXZ 9, L_0x5bacdfd3b480, L_0x5bacdfd3b230, L_0x5bacdfd3b0f0, C4<>;
L_0x5bacdfd3bad0 .part L_0x71594b23d570, 0, 9;
L_0x5bacdfd3bf80 .part L_0x71594b23d648, 0, 9;
L_0x5bacdfd3c130 .array/port v0x5bacdfd26df0, L_0x5bacdfd3c920;
L_0x5bacdfd3c1d0 .concat [ 18 14 0 0], L_0x5bacdfd3b940, L_0x71594b23d690;
L_0x5bacdfd3c340 .concat [ 9 23 0 0], L_0x5bacdfd39d20, L_0x71594b23d6d8;
L_0x5bacdfd3c430 .arith/sum 32, L_0x5bacdfd3c1d0, L_0x5bacdfd3c340;
L_0x5bacdfd3c600 .arith/mult 32, L_0x5bacdfd3c430, L_0x71594b23d720;
L_0x5bacdfd3c740 .concat [ 2 30 0 0], v0x5bacdfd283b0_0, L_0x71594b23d768;
L_0x5bacdfd3c920 .arith/sum 32, L_0x5bacdfd3c600, L_0x5bacdfd3c740;
L_0x5bacdfd3cb00 .array/port v0x5bacdfd26df0, L_0x5bacdfd3d290;
L_0x5bacdfd3c830 .concat [ 18 14 0 0], L_0x5bacdfd3b940, L_0x71594b23d7b0;
L_0x5bacdfd3cc50 .concat [ 9 23 0 0], L_0x5bacdfd3adf0, L_0x71594b23d7f8;
L_0x5bacdfd3ce50 .arith/sum 32, L_0x5bacdfd3c830, L_0x5bacdfd3cc50;
L_0x5bacdfd3cf90 .arith/mult 32, L_0x5bacdfd3ce50, L_0x71594b23d840;
L_0x5bacdfd3d1a0 .concat [ 2 30 0 0], v0x5bacdfd283b0_0, L_0x71594b23d888;
L_0x5bacdfd3d290 .arith/sum 32, L_0x5bacdfd3cf90, L_0x5bacdfd3d1a0;
L_0x5bacdfd3d550 .array/port v0x5bacdfd26df0, L_0x5bacdfd3ddf0;
L_0x5bacdfd3d5f0 .concat [ 18 14 0 0], L_0x5bacdfd3bdf0, L_0x71594b23d8d0;
L_0x5bacdfd3d7d0 .concat [ 9 23 0 0], L_0x5bacdfd39d20, L_0x71594b23d918;
L_0x5bacdfd3d8c0 .arith/sum 32, L_0x5bacdfd3d5f0, L_0x5bacdfd3d7d0;
L_0x5bacdfd3db00 .arith/mult 32, L_0x5bacdfd3d8c0, L_0x71594b23d960;
L_0x5bacdfd3dc40 .concat [ 2 30 0 0], v0x5bacdfd283b0_0, L_0x71594b23d9a8;
L_0x5bacdfd3ddf0 .arith/sum 32, L_0x5bacdfd3db00, L_0x5bacdfd3dc40;
L_0x5bacdfd3dfd0 .array/port v0x5bacdfd26df0, L_0x5bacdfd3e8a0;
L_0x5bacdfd3e190 .concat [ 18 14 0 0], L_0x5bacdfd3bdf0, L_0x71594b23d9f0;
L_0x5bacdfd3e2c0 .concat [ 9 23 0 0], L_0x5bacdfd3adf0, L_0x71594b23da38;
L_0x5bacdfd3e0c0 .arith/sum 32, L_0x5bacdfd3e190, L_0x5bacdfd3e2c0;
L_0x5bacdfd3e530 .arith/mult 32, L_0x5bacdfd3e0c0, L_0x71594b23da80;
L_0x5bacdfd3e7b0 .concat [ 2 30 0 0], v0x5bacdfd283b0_0, L_0x71594b23dac8;
L_0x5bacdfd3e8a0 .arith/sum 32, L_0x5bacdfd3e530, L_0x5bacdfd3e7b0;
L_0x5bacdfd3ebd0 .concat [ 8 8 0 0], L_0x5bacdfd39b90, L_0x71594b23db10;
L_0x5bacdfd3ed00 .part L_0x5bacdfd3ebd0, 0, 8;
L_0x5bacdfd3ef50 .concat [ 8 8 0 0], L_0x71594b23db58, L_0x5bacdfd3ed00;
L_0x5bacdfd3f090 .concat [ 8 8 0 0], L_0x5bacdfd39c30, L_0x71594b23dba0;
L_0x5bacdfd3f330 .part L_0x5bacdfd3f090, 0, 8;
L_0x5bacdfd3f420 .concat [ 8 8 0 0], L_0x71594b23dbe8, L_0x5bacdfd3f330;
L_0x5bacdfd3fa50 .concat [ 3 29 0 0], L_0x5bacdfd44f10, L_0x71594b23dcc0;
L_0x5bacdfd3fb40 .cmp/eq 32, L_0x5bacdfd3fa50, L_0x71594b23dd08;
L_0x5bacdfd3fe10 .concat [ 3 29 0 0], L_0x5bacdfd44f10, L_0x71594b23dd50;
L_0x5bacdfd3ff50 .cmp/eq 32, L_0x5bacdfd3fe10, L_0x71594b23dd98;
L_0x5bacdfd40230 .concat [ 3 29 0 0], L_0x5bacdfd44f10, L_0x71594b23dde0;
L_0x5bacdfd40320 .cmp/eq 32, L_0x5bacdfd40230, L_0x71594b23de28;
L_0x5bacdfd40610 .concat [ 3 29 0 0], L_0x5bacdfd44f10, L_0x71594b23de70;
L_0x5bacdfd40740 .cmp/eq 32, L_0x5bacdfd40610, L_0x71594b23deb8;
L_0x5bacdfd40a70 .functor MUXZ 8, L_0x5bacdfd3c0c0, L_0x5bacdfcb0880, L_0x5bacdfd40740, C4<>;
L_0x5bacdfd40c00 .functor MUXZ 8, L_0x5bacdfd40a70, L_0x5bacdfcf6b90, L_0x5bacdfd40320, C4<>;
L_0x5bacdfd40f60 .functor MUXZ 8, L_0x5bacdfd40c00, L_0x5bacdfccadf0, L_0x5bacdfd3ff50, C4<>;
L_0x5bacdfd410f0 .functor MUXZ 8, L_0x5bacdfd40f60, L_0x5bacdfd3c0c0, L_0x5bacdfd3fb40, C4<>;
L_0x5bacdfd41460 .concat [ 3 29 0 0], L_0x5bacdfd44f10, L_0x71594b23df00;
L_0x5bacdfd41550 .cmp/eq 32, L_0x5bacdfd41460, L_0x71594b23df48;
L_0x5bacdfd41880 .arith/sub 16, L_0x71594b23d258, L_0x5bacdfd3ef50;
L_0x5bacdfd41a30 .arith/sub 16, L_0x5bacdfd41880, L_0x5bacdfd3f420;
L_0x5bacdfd41d70 .arith/sum 16, L_0x5bacdfd41a30, L_0x5bacdfd3f8c0;
L_0x5bacdfd41e60 .concat [ 3 29 0 0], L_0x5bacdfd44f10, L_0x71594b23df90;
L_0x5bacdfd42160 .cmp/eq 32, L_0x5bacdfd41e60, L_0x71594b23dfd8;
L_0x5bacdfd422a0 .arith/sub 16, L_0x5bacdfd3f420, L_0x5bacdfd3f8c0;
L_0x5bacdfd425f0 .concat [ 3 29 0 0], L_0x5bacdfd44f10, L_0x71594b23e020;
L_0x5bacdfd42690 .cmp/eq 32, L_0x5bacdfd425f0, L_0x71594b23e068;
L_0x5bacdfd42a00 .arith/sub 16, L_0x5bacdfd3ef50, L_0x5bacdfd3f8c0;
L_0x5bacdfd42aa0 .concat [ 3 29 0 0], L_0x5bacdfd44f10, L_0x71594b23e0b0;
L_0x5bacdfd42dd0 .cmp/eq 32, L_0x5bacdfd42aa0, L_0x71594b23e0f8;
L_0x5bacdfd42f10 .functor MUXZ 16, L_0x5bacdfd3f8c0, L_0x5bacdfd3f8c0, L_0x5bacdfd42dd0, C4<>;
L_0x5bacdfd43250 .functor MUXZ 16, L_0x5bacdfd42f10, L_0x5bacdfd42a00, L_0x5bacdfd42690, C4<>;
L_0x5bacdfd433e0 .functor MUXZ 16, L_0x5bacdfd43250, L_0x5bacdfd422a0, L_0x5bacdfd42160, C4<>;
L_0x5bacdfd437d0 .functor MUXZ 16, L_0x5bacdfd433e0, L_0x5bacdfd41d70, L_0x5bacdfd41550, C4<>;
L_0x5bacdfd43d20 .concat [ 24 8 0 0], v0x5bacdfd25f70_0, L_0x71594b23e1d0;
L_0x5bacdfd44080 .concat [ 24 8 0 0], L_0x5bacdfd43b90, L_0x71594b23e218;
L_0x5bacdfd44170 .arith/sum 32, L_0x5bacdfd43d20, L_0x5bacdfd44080;
L_0x5bacdfd44530 .arith/sum 32, L_0x5bacdfd44170, L_0x71594b23e260;
L_0x5bacdfd44670 .part L_0x5bacdfd44530, 16, 16;
L_0x5bacdfd449f0 .concat [ 16 16 0 0], L_0x5bacdfd44670, L_0x71594b23e2a8;
L_0x5bacdfd44b30 .part L_0x5bacdfd449f0, 0, 8;
S_0x5bacdfd1c020 .scope module, "mul1" "mul" 6 46, 5 6 0, S_0x5bacdfd1b9b0;
 .timescale -9 -12;
    .port_info 0 /OUTPUT 18 "out";
    .port_info 1 /INPUT 9 "a";
    .port_info 2 /INPUT 9 "b";
P_0x5bacdfd1c200 .param/l "M" 0 5 8, +C4<00000000000000000000000000010000>;
P_0x5bacdfd1c240 .param/l "N" 0 5 7, +C4<000000000000000000000000000001001>;
P_0x5bacdfd1c280 .param/l "R" 0 5 9, +C4<000000000000000000000000000001001>;
P_0x5bacdfd1c2c0 .param/l "precision" 0 5 10, +C4<00000000000000000000000000000000>;
v0x5bacdfd1c580_0 .net *"_ivl_0", 17 0, L_0x5bacdfd3b760;  1 drivers
L_0x71594b23d4e0 .functor BUFT 1, C4<000000000>, C4<0>, C4<0>, C4<0>;
v0x5bacdfd1c680_0 .net *"_ivl_3", 8 0, L_0x71594b23d4e0;  1 drivers
v0x5bacdfd1c760_0 .net *"_ivl_4", 17 0, L_0x5bacdfd3b850;  1 drivers
L_0x71594b23d528 .functor BUFT 1, C4<000000000>, C4<0>, C4<0>, C4<0>;
v0x5bacdfd1c850_0 .net *"_ivl_7", 8 0, L_0x71594b23d528;  1 drivers
v0x5bacdfd1c930_0 .net "a", 8 0, L_0x5bacdfd39e60;  alias, 1 drivers
v0x5bacdfd1ca60_0 .net "b", 8 0, L_0x5bacdfd3bad0;  1 drivers
v0x5bacdfd1cb40_0 .net "out", 17 0, L_0x5bacdfd3b940;  alias, 1 drivers
L_0x5bacdfd3b760 .concat [ 9 9 0 0], L_0x5bacdfd39e60, L_0x71594b23d4e0;
L_0x5bacdfd3b850 .concat [ 9 9 0 0], L_0x5bacdfd3bad0, L_0x71594b23d528;
L_0x5bacdfd3b940 .arith/mult 18, L_0x5bacdfd3b760, L_0x5bacdfd3b850;
S_0x5bacdfd1cca0 .scope module, "mul2" "mul" 6 55, 5 6 0, S_0x5bacdfd1b9b0;
 .timescale -9 -12;
    .port_info 0 /OUTPUT 18 "out";
    .port_info 1 /INPUT 9 "a";
    .port_info 2 /INPUT 9 "b";
P_0x5bacdfd1ce80 .param/l "M" 0 5 8, +C4<00000000000000000000000000010000>;
P_0x5bacdfd1cec0 .param/l "N" 0 5 7, +C4<000000000000000000000000000001001>;
P_0x5bacdfd1cf00 .param/l "R" 0 5 9, +C4<000000000000000000000000000001001>;
P_0x5bacdfd1cf40 .param/l "precision" 0 5 10, +C4<00000000000000000000000000000000>;
v0x5bacdfd1d1b0_0 .net *"_ivl_0", 17 0, L_0x5bacdfd3bc10;  1 drivers
L_0x71594b23d5b8 .functor BUFT 1, C4<000000000>, C4<0>, C4<0>, C4<0>;
v0x5bacdfd1d2b0_0 .net *"_ivl_3", 8 0, L_0x71594b23d5b8;  1 drivers
v0x5bacdfd1d390_0 .net *"_ivl_4", 17 0, L_0x5bacdfd3bd00;  1 drivers
L_0x71594b23d600 .functor BUFT 1, C4<000000000>, C4<0>, C4<0>, C4<0>;
v0x5bacdfd1d480_0 .net *"_ivl_7", 8 0, L_0x71594b23d600;  1 drivers
v0x5bacdfd1d560_0 .net "a", 8 0, L_0x5bacdfd3b570;  alias, 1 drivers
v0x5bacdfd1d690_0 .net "b", 8 0, L_0x5bacdfd3bf80;  1 drivers
v0x5bacdfd1d770_0 .net "out", 17 0, L_0x5bacdfd3bdf0;  alias, 1 drivers
L_0x5bacdfd3bc10 .concat [ 9 9 0 0], L_0x5bacdfd3b570, L_0x71594b23d5b8;
L_0x5bacdfd3bd00 .concat [ 9 9 0 0], L_0x5bacdfd3bf80, L_0x71594b23d600;
L_0x5bacdfd3bdf0 .arith/mult 18, L_0x5bacdfd3bc10, L_0x5bacdfd3bd00;
S_0x5bacdfd1d8d0 .scope module, "mul3" "mul" 6 77, 5 6 0, S_0x5bacdfd1b9b0;
 .timescale -9 -12;
    .port_info 0 /OUTPUT 16 "out";
    .port_info 1 /INPUT 8 "a";
    .port_info 2 /INPUT 8 "b";
P_0x5bacdfd1dab0 .param/l "M" 0 5 8, +C4<00000000000000000000000000010000>;
P_0x5bacdfd1daf0 .param/l "N" 0 5 7, +C4<00000000000000000000000000001000>;
P_0x5bacdfd1db30 .param/l "R" 0 5 9, +C4<00000000000000000000000000001000>;
P_0x5bacdfd1db70 .param/l "precision" 0 5 10, +C4<00000000000000000000000000000000>;
v0x5bacdfd1de10_0 .net *"_ivl_0", 15 0, L_0x5bacdfd3f6e0;  1 drivers
L_0x71594b23dc30 .functor BUFT 1, C4<00000000>, C4<0>, C4<0>, C4<0>;
v0x5bacdfd1def0_0 .net *"_ivl_3", 7 0, L_0x71594b23dc30;  1 drivers
v0x5bacdfd1dfd0_0 .net *"_ivl_4", 15 0, L_0x5bacdfd3f7d0;  1 drivers
L_0x71594b23dc78 .functor BUFT 1, C4<00000000>, C4<0>, C4<0>, C4<0>;
v0x5bacdfd1e0c0_0 .net *"_ivl_7", 7 0, L_0x71594b23dc78;  1 drivers
v0x5bacdfd1e1a0_0 .net "a", 7 0, L_0x5bacdfd39b90;  alias, 1 drivers
v0x5bacdfd1e2d0_0 .net "b", 7 0, L_0x5bacdfd39c30;  alias, 1 drivers
v0x5bacdfd1e3b0_0 .net "out", 15 0, L_0x5bacdfd3f8c0;  alias, 1 drivers
L_0x5bacdfd3f6e0 .concat [ 8 8 0 0], L_0x5bacdfd39b90, L_0x71594b23dc30;
L_0x5bacdfd3f7d0 .concat [ 8 8 0 0], L_0x5bacdfd39c30, L_0x71594b23dc78;
L_0x5bacdfd3f8c0 .arith/mult 16, L_0x5bacdfd3f6e0, L_0x5bacdfd3f7d0;
S_0x5bacdfd1e510 .scope module, "mul4" "mul" 6 103, 5 6 0, S_0x5bacdfd1b9b0;
 .timescale -9 -12;
    .port_info 0 /OUTPUT 24 "out";
    .port_info 1 /INPUT 16 "a";
    .port_info 2 /INPUT 8 "b";
P_0x5bacdfd1e6f0 .param/l "M" 0 5 8, +C4<00000000000000000000000000010000>;
P_0x5bacdfd1e730 .param/l "N" 0 5 7, +C4<0000000000000000000000000000000000000000000000000000000000010000>;
P_0x5bacdfd1e770 .param/l "R" 0 5 9, +C4<00000000000000000000000000001000>;
P_0x5bacdfd1e7b0 .param/l "precision" 0 5 10, +C4<00000000000000000000000000000000>;
v0x5bacdfd1eb50_0 .net *"_ivl_0", 23 0, L_0x5bacdfd439b0;  1 drivers
L_0x71594b23e140 .functor BUFT 1, C4<00000000>, C4<0>, C4<0>, C4<0>;
v0x5bacdfd1ec50_0 .net *"_ivl_3", 7 0, L_0x71594b23e140;  1 drivers
v0x5bacdfd1ed30_0 .net *"_ivl_4", 23 0, L_0x5bacdfd43aa0;  1 drivers
L_0x71594b23e188 .functor BUFT 1, C4<0000000000000000>, C4<0>, C4<0>, C4<0>;
v0x5bacdfd1ee20_0 .net *"_ivl_7", 15 0, L_0x71594b23e188;  1 drivers
v0x5bacdfd1ef00_0 .net "a", 15 0, L_0x5bacdfd437d0;  alias, 1 drivers
v0x5bacdfd1f030_0 .net "b", 7 0, L_0x5bacdfd410f0;  alias, 1 drivers
v0x5bacdfd1f110_0 .net "out", 23 0, L_0x5bacdfd43b90;  alias, 1 drivers
L_0x5bacdfd439b0 .concat [ 16 8 0 0], L_0x5bacdfd437d0, L_0x71594b23e140;
L_0x5bacdfd43aa0 .concat [ 8 16 0 0], L_0x5bacdfd410f0, L_0x71594b23e188;
L_0x5bacdfd43b90 .arith/mult 24, L_0x5bacdfd439b0, L_0x5bacdfd43aa0;
    .scope S_0x5bacdfcebf30;
T_0 ;
    %pushi/vec4 0, 0, 1;
    %store/vec4 v0x5bacdfcb3310_0, 0, 1;
    %pushi/vec4 0, 0, 1;
    %store/vec4 v0x5bacdfd18b40_0, 0, 1;
    %pushi/vec4 0, 0, 28;
    %store/vec4 v0x5bacdfd18f60_0, 0, 28;
    %pushi/vec4 0, 0, 28;
    %store/vec4 v0x5bacdfd19040_0, 0, 28;
    %end;
    .thread T_0;
    .scope S_0x5bacdfcebf30;
T_1 ;
    %wait E_0x5bacdfcfdaf0;
    %load/vec4 v0x5bacdfd18ea0_0;
    %flag_set/vec4 9;
    %flag_get/vec4 9;
    %jmp/0 T_1.2, 9;
    %load/vec4 v0x5bacdfcb3310_0;
    %nor/r;
    %and;
T_1.2;
    %flag_set/vec4 8;
    %jmp/0xz  T_1.0, 8;
    %load/vec4 v0x5bacdfcb65e0_0;
    %pad/u 27;
    %ix/load 4, 8, 0;
    %flag_set/imm 4, 0;
    %shiftl 4;
    %assign/vec4 v0x5bacdfcc90d0_0, 0;
    %pushi/vec4 0, 0, 27;
    %assign/vec4 v0x5bacdfd18ce0_0, 0;
    %pushi/vec4 0, 0, 28;
    %assign/vec4 v0x5bacdfd18dc0_0, 0;
    %pushi/vec4 28, 0, 5;
    %assign/vec4 v0x5bacdfcf74f0_0, 0;
    %pushi/vec4 1, 0, 1;
    %assign/vec4 v0x5bacdfcb3310_0, 0;
    %pushi/vec4 0, 0, 1;
    %assign/vec4 v0x5bacdfd18b40_0, 0;
    %jmp T_1.1;
T_1.0 ;
    %load/vec4 v0x5bacdfd18ea0_0;
    %flag_set/vec4 9;
    %flag_get/vec4 9;
    %jmp/0 T_1.5, 9;
    %load/vec4 v0x5bacdfcb3310_0;
    %and;
T_1.5;
    %flag_set/vec4 8;
    %jmp/0xz  T_1.3, 8;
    %load/vec4 v0x5bacdfcc90d0_0;
    %ix/load 4, 1, 0;
    %flag_set/imm 4, 0;
    %shiftl 4;
    %assign/vec4 v0x5bacdfcc90d0_0, 0;
    %load/vec4 v0x5bacdfcb31c0_0;
    %pad/u 28;
    %load/vec4 v0x5bacdfd18dc0_0;
    %cmp/u;
    %flag_or 5, 4;
    %jmp/0xz  T_1.6, 5;
    %load/vec4 v0x5bacdfd18f60_0;
    %parti/s 27, 0, 2;
    %load/vec4 v0x5bacdfcc90d0_0;
    %parti/s 1, 26, 6;
    %concat/vec4; draw_concat_vec4
    %assign/vec4 v0x5bacdfd18dc0_0, 0;
    %load/vec4 v0x5bacdfd18ce0_0;
    %parti/s 26, 0, 2;
    %concati/vec4 1, 0, 1;
    %assign/vec4 v0x5bacdfd18ce0_0, 0;
    %jmp T_1.7;
T_1.6 ;
    %load/vec4 v0x5bacdfd18dc0_0;
    %parti/s 27, 0, 2;
    %load/vec4 v0x5bacdfcc90d0_0;
    %parti/s 1, 26, 6;
    %concat/vec4; draw_concat_vec4
    %assign/vec4 v0x5bacdfd18dc0_0, 0;
    %load/vec4 v0x5bacdfd18ce0_0;
    %parti/s 26, 0, 2;
    %concati/vec4 0, 0, 1;
    %assign/vec4 v0x5bacdfd18ce0_0, 0;
T_1.7 ;
    %load/vec4 v0x5bacdfcf74f0_0;
    %subi 1, 0, 5;
    %assign/vec4 v0x5bacdfcf74f0_0, 0;
    %load/vec4 v0x5bacdfcf74f0_0;
    %pad/u 32;
    %cmpi/e 0, 0, 32;
    %jmp/0xz  T_1.8, 4;
    %load/vec4 v0x5bacdfd18ce0_0;
    %assign/vec4 v0x5bacdfd18c00_0, 0;
    %pushi/vec4 0, 0, 1;
    %assign/vec4 v0x5bacdfcb3310_0, 0;
    %pushi/vec4 1, 0, 1;
    %assign/vec4 v0x5bacdfd18b40_0, 0;
T_1.8 ;
T_1.3 ;
T_1.1 ;
    %jmp T_1;
    .thread T_1;
    .scope S_0x5bacdfcebf30;
T_2 ;
    %wait E_0x5bacdfcfe430;
    %load/vec4 v0x5bacdfd18dc0_0;
    %load/vec4 v0x5bacdfcb31c0_0;
    %pad/u 28;
    %sub;
    %store/vec4 v0x5bacdfd18f60_0, 0, 28;
    %jmp T_2;
    .thread T_2, $push;
    .scope S_0x5bacdfd19220;
T_3 ;
    %pushi/vec4 0, 0, 1;
    %store/vec4 v0x5bacdfd198a0_0, 0, 1;
    %pushi/vec4 0, 0, 1;
    %store/vec4 v0x5bacdfd19c30_0, 0, 1;
    %pushi/vec4 0, 0, 28;
    %store/vec4 v0x5bacdfd1a030_0, 0, 28;
    %pushi/vec4 0, 0, 28;
    %store/vec4 v0x5bacdfd1a0f0_0, 0, 28;
    %end;
    .thread T_3;
    .scope S_0x5bacdfd19220;
T_4 ;
    %wait E_0x5bacdfcfdaf0;
    %load/vec4 v0x5bacdfd19f90_0;
    %flag_set/vec4 9;
    %flag_get/vec4 9;
    %jmp/0 T_4.2, 9;
    %load/vec4 v0x5bacdfd198a0_0;
    %nor/r;
    %and;
T_4.2;
    %flag_set/vec4 8;
    %jmp/0xz  T_4.0, 8;
    %load/vec4 v0x5bacdfd196c0_0;
    %pad/u 27;
    %ix/load 4, 8, 0;
    %flag_set/imm 4, 0;
    %shiftl 4;
    %assign/vec4 v0x5bacdfd19b50_0, 0;
    %pushi/vec4 0, 0, 27;
    %assign/vec4 v0x5bacdfd19dd0_0, 0;
    %pushi/vec4 0, 0, 28;
    %assign/vec4 v0x5bacdfd19eb0_0, 0;
    %pushi/vec4 28, 0, 5;
    %assign/vec4 v0x5bacdfd19a40_0, 0;
    %pushi/vec4 1, 0, 1;
    %assign/vec4 v0x5bacdfd198a0_0, 0;
    %pushi/vec4 0, 0, 1;
    %assign/vec4 v0x5bacdfd19c30_0, 0;
    %jmp T_4.1;
T_4.0 ;
    %load/vec4 v0x5bacdfd19f90_0;
    %flag_set/vec4 9;
    %flag_get/vec4 9;
    %jmp/0 T_4.5, 9;
    %load/vec4 v0x5bacdfd198a0_0;
    %and;
T_4.5;
    %flag_set/vec4 8;
    %jmp/0xz  T_4.3, 8;
    %load/vec4 v0x5bacdfd19b50_0;
    %ix/load 4, 1, 0;
    %flag_set/imm 4, 0;
    %shiftl 4;
    %assign/vec4 v0x5bacdfd19b50_0, 0;
    %load/vec4 v0x5bacdfd197c0_0;
    %pad/u 28;
    %load/vec4 v0x5bacdfd19eb0_0;
    %cmp/u;
    %flag_or 5, 4;
    %jmp/0xz  T_4.6, 5;
    %load/vec4 v0x5bacdfd1a030_0;
    %parti/s 27, 0, 2;
    %load/vec4 v0x5bacdfd19b50_0;
    %parti/s 1, 26, 6;
    %concat/vec4; draw_concat_vec4
    %assign/vec4 v0x5bacdfd19eb0_0, 0;
    %load/vec4 v0x5bacdfd19dd0_0;
    %parti/s 26, 0, 2;
    %concati/vec4 1, 0, 1;
    %assign/vec4 v0x5bacdfd19dd0_0, 0;
    %jmp T_4.7;
T_4.6 ;
    %load/vec4 v0x5bacdfd19eb0_0;
    %parti/s 27, 0, 2;
    %load/vec4 v0x5bacdfd19b50_0;
    %parti/s 1, 26, 6;
    %concat/vec4; draw_concat_vec4
    %assign/vec4 v0x5bacdfd19eb0_0, 0;
    %load/vec4 v0x5bacdfd19dd0_0;
    %parti/s 26, 0, 2;
    %concati/vec4 0, 0, 1;
    %assign/vec4 v0x5bacdfd19dd0_0, 0;
T_4.7 ;
    %load/vec4 v0x5bacdfd19a40_0;
    %subi 1, 0, 5;
    %assign/vec4 v0x5bacdfd19a40_0, 0;
    %load/vec4 v0x5bacdfd19a40_0;
    %pad/u 32;
    %cmpi/e 0, 0, 32;
    %jmp/0xz  T_4.8, 4;
    %load/vec4 v0x5bacdfd19dd0_0;
    %assign/vec4 v0x5bacdfd19cf0_0, 0;
    %pushi/vec4 0, 0, 1;
    %assign/vec4 v0x5bacdfd198a0_0, 0;
    %pushi/vec4 1, 0, 1;
    %assign/vec4 v0x5bacdfd19c30_0, 0;
T_4.8 ;
T_4.3 ;
T_4.1 ;
    %jmp T_4;
    .thread T_4;
    .scope S_0x5bacdfd19220;
T_5 ;
    %wait E_0x5bacdfd19660;
    %load/vec4 v0x5bacdfd19eb0_0;
    %load/vec4 v0x5bacdfd197c0_0;
    %pad/u 28;
    %sub;
    %store/vec4 v0x5bacdfd1a030_0, 0, 28;
    %jmp T_5;
    .thread T_5, $push;
    .scope S_0x5bacdfd1b9b0;
T_6 ;
    %vpi_call 6 28 "$readmemh", "image.hex", v0x5bacdfd26df0 {0 0 0};
    %pushi/vec4 0, 0, 24;
    %store/vec4 v0x5bacdfd25f70_0, 0, 24;
    %end;
    .thread T_6;
    .scope S_0x5bacdfd1b9b0;
T_7 ;
    %wait E_0x5bacdfcfdaf0;
    %load/vec4 v0x5bacdfd26d10_0;
    %pad/u 32;
    %cmpi/u 0, 0, 32;
    %flag_or 5, 4; GT is !LE
    %flag_inv 5;
    %jmp/0xz  T_7.0, 5;
    %load/vec4 v0x5bacdfd25f70_0;
    %load/vec4 v0x5bacdfd273b0_0;
    %add;
    %assign/vec4 v0x5bacdfd25f70_0, 0;
T_7.0 ;
    %load/vec4 v0x5bacdfd26d10_0;
    %pad/u 32;
    %cmpi/e 0, 0, 32;
    %jmp/0xz  T_7.2, 4;
    %load/vec4 v0x5bacdfd273b0_0;
    %assign/vec4 v0x5bacdfd25f70_0, 0;
T_7.2 ;
    %jmp T_7;
    .thread T_7;
    .scope S_0x5bacdfcf2610;
T_8 ;
    %pushi/vec4 1, 0, 2;
    %store/vec4 v0x5bacdfd28670_0, 0, 2;
    %pushi/vec4 1, 0, 2;
    %store/vec4 v0x5bacdfd28ad0_0, 0, 2;
    %pushi/vec4 0, 0, 10;
    %store/vec4 v0x5bacdfd28e00_0, 0, 10;
    %pushi/vec4 0, 0, 10;
    %store/vec4 v0x5bacdfd290c0_0, 0, 10;
    %pushi/vec4 0, 0, 1;
    %store/vec4 v0x5bacdfd28230_0, 0, 1;
    %pushi/vec4 0, 0, 2;
    %store/vec4 v0x5bacdfd283b0_0, 0, 2;
    %pushi/vec4 0, 0, 2;
    %store/vec4 v0x5bacdfd28470_0, 0, 2;
T_8.0 ;
    %load/vec4 v0x5bacdfd28230_0;
    %cmpi/ne 1, 0, 1;
    %jmp/0xz T_8.1, 6;
    %wait E_0x5bacdfcfcc30;
    %jmp T_8.0;
T_8.1 ;
    %vpi_call 3 132 "$writememh", "res.hex", v0x5bacdfd288d0 {0 0 0};
    %end;
    .thread T_8;
    .scope S_0x5bacdfcf2610;
T_9 ;
    %wait E_0x5bacdfcfdaf0;
    %load/vec4 v0x5bacdfd28970_0;
    %flag_set/vec4 8;
    %jmp/0xz  T_9.0, 8;
    %pushi/vec4 1, 0, 2;
    %assign/vec4 v0x5bacdfd28ad0_0, 0;
    %pushi/vec4 0, 0, 2;
    %assign/vec4 v0x5bacdfd283b0_0, 0;
    %pushi/vec4 0, 0, 2;
    %assign/vec4 v0x5bacdfd28470_0, 0;
    %pushi/vec4 0, 0, 10;
    %assign/vec4 v0x5bacdfd28e00_0, 0;
    %pushi/vec4 0, 0, 10;
    %assign/vec4 v0x5bacdfd290c0_0, 0;
    %pushi/vec4 0, 0, 1;
    %assign/vec4 v0x5bacdfd28230_0, 0;
    %jmp T_9.1;
T_9.0 ;
    %load/vec4 v0x5bacdfd28670_0;
    %assign/vec4 v0x5bacdfd28ad0_0, 0;
    %load/vec4 v0x5bacdfd28ad0_0;
    %cmpi/e 1, 0, 2;
    %jmp/0xz  T_9.2, 4;
    %pushi/vec4 0, 0, 2;
    %assign/vec4 v0x5bacdfd28470_0, 0;
T_9.2 ;
    %load/vec4 v0x5bacdfd28230_0;
    %nor/r;
    %flag_set/vec4 9;
    %flag_get/vec4 9;
    %jmp/0 T_9.6, 9;
    %load/vec4 v0x5bacdfd28ad0_0;
    %pushi/vec4 2, 0, 2;
    %cmp/e;
    %flag_get/vec4 4;
    %and;
T_9.6;
    %flag_set/vec4 8;
    %jmp/0xz  T_9.4, 8;
    %load/vec4 v0x5bacdfd28470_0;
    %pad/u 32;
    %cmpi/e 3, 0, 32;
    %jmp/0xz  T_9.7, 4;
    %pushi/vec4 0, 0, 2;
    %assign/vec4 v0x5bacdfd28470_0, 0;
    %load/vec4 v0x5bacdfd283b0_0;
    %pad/u 32;
    %cmpi/e 2, 0, 32;
    %jmp/0xz  T_9.9, 4;
    %pushi/vec4 0, 0, 2;
    %assign/vec4 v0x5bacdfd283b0_0, 0;
    %load/vec4 v0x5bacdfd28e00_0;
    %pad/u 32;
    %cmpi/e 511, 0, 32;
    %jmp/0xz  T_9.11, 4;
    %pushi/vec4 0, 0, 10;
    %assign/vec4 v0x5bacdfd28e00_0, 0;
    %load/vec4 v0x5bacdfd290c0_0;
    %addi 1, 0, 10;
    %assign/vec4 v0x5bacdfd290c0_0, 0;
    %jmp T_9.12;
T_9.11 ;
    %load/vec4 v0x5bacdfd28e00_0;
    %addi 1, 0, 10;
    %assign/vec4 v0x5bacdfd28e00_0, 0;
T_9.12 ;
    %jmp T_9.10;
T_9.9 ;
    %load/vec4 v0x5bacdfd283b0_0;
    %addi 1, 0, 2;
    %assign/vec4 v0x5bacdfd283b0_0, 0;
T_9.10 ;
    %jmp T_9.8;
T_9.7 ;
    %load/vec4 v0x5bacdfd28470_0;
    %addi 1, 0, 2;
    %assign/vec4 v0x5bacdfd28470_0, 0;
T_9.8 ;
    %load/vec4 v0x5bacdfd28e00_0;
    %pad/u 32;
    %cmpi/e 511, 0, 32;
    %flag_get/vec4 4;
    %jmp/0 T_9.17, 4;
    %load/vec4 v0x5bacdfd290c0_0;
    %pad/u 32;
    %pushi/vec4 511, 0, 32;
    %cmp/e;
    %flag_get/vec4 4;
    %and;
T_9.17;
    %flag_set/vec4 10;
    %flag_get/vec4 10;
    %jmp/0 T_9.16, 10;
    %load/vec4 v0x5bacdfd283b0_0;
    %pad/u 32;
    %pushi/vec4 2, 0, 32;
    %cmp/e;
    %flag_get/vec4 4;
    %and;
T_9.16;
    %flag_set/vec4 9;
    %flag_get/vec4 9;
    %jmp/0 T_9.15, 9;
    %load/vec4 v0x5bacdfd28470_0;
    %pad/u 32;
    %pushi/vec4 3, 0, 32;
    %cmp/e;
    %flag_get/vec4 4;
    %and;
T_9.15;
    %flag_set/vec4 8;
    %jmp/0xz  T_9.13, 8;
    %pushi/vec4 1, 0, 1;
    %assign/vec4 v0x5bacdfd28230_0, 0;
T_9.13 ;
T_9.4 ;
T_9.1 ;
    %jmp T_9;
    .thread T_9;
    .scope S_0x5bacdfcf2610;
T_10 ;
    %wait E_0x5bacdfcfe3f0;
    %load/vec4 v0x5bacdfd28970_0;
    %flag_set/vec4 8;
    %jmp/0xz  T_10.0, 8;
    %pushi/vec4 1, 0, 2;
    %store/vec4 v0x5bacdfd28670_0, 0, 2;
    %pushi/vec4 0, 0, 1;
    %store/vec4 v0x5bacdfd28a30_0, 0, 1;
    %jmp T_10.1;
T_10.0 ;
    %load/vec4 v0x5bacdfd28ad0_0;
    %cmpi/e 1, 0, 2;
    %flag_get/vec4 4;
    %jmp/0 T_10.5, 4;
    %load/vec4 v0x5bacdfd28530_0;
    %and;
T_10.5;
    %flag_set/vec4 9;
    %flag_get/vec4 9;
    %jmp/0 T_10.4, 9;
    %load/vec4 v0x5bacdfd285d0_0;
    %and;
T_10.4;
    %flag_set/vec4 8;
    %jmp/0xz  T_10.2, 8;
    %pushi/vec4 2, 0, 2;
    %store/vec4 v0x5bacdfd28670_0, 0, 2;
    %pushi/vec4 0, 0, 1;
    %store/vec4 v0x5bacdfd28a30_0, 0, 1;
    %jmp T_10.3;
T_10.2 ;
    %load/vec4 v0x5bacdfd28ad0_0;
    %cmpi/e 1, 0, 2;
    %jmp/0xz  T_10.6, 4;
    %pushi/vec4 1, 0, 1;
    %store/vec4 v0x5bacdfd28a30_0, 0, 1;
    %jmp T_10.7;
T_10.6 ;
    %load/vec4 v0x5bacdfd28ad0_0;
    %cmpi/e 2, 0, 2;
    %flag_get/vec4 4;
    %jmp/0 T_10.10, 4;
    %load/vec4 v0x5bacdfd28470_0;
    %pad/u 32;
    %pushi/vec4 3, 0, 32;
    %cmp/e;
    %flag_get/vec4 4;
    %and;
T_10.10;
    %flag_set/vec4 8;
    %jmp/0xz  T_10.8, 8;
    %load/vec4 v0x5bacdfd28bb0_0;
    %load/vec4 v0x5bacdfd290c0_0;
    %pad/u 32;
    %muli 512, 0, 32;
    %load/vec4 v0x5bacdfd28e00_0;
    %pad/u 32;
    %add;
    %muli 3, 0, 32;
    %load/vec4 v0x5bacdfd283b0_0;
    %pad/u 32;
    %add;
    %ix/vec4 4;
    %store/vec4a v0x5bacdfd288d0, 4, 0;
T_10.8 ;
T_10.7 ;
T_10.3 ;
T_10.1 ;
    %jmp T_10;
    .thread T_10, $push;
    .scope S_0x5bacdfcd4e60;
T_11 ;
    %pushi/vec4 0, 0, 1;
    %store/vec4 v0x5bacdfd291e0_0, 0, 1;
T_11.0 ;
    %delay 5000, 0;
    %load/vec4 v0x5bacdfd291e0_0;
    %inv;
    %store/vec4 v0x5bacdfd291e0_0, 0, 1;
    %jmp T_11.0;
    %end;
    .thread T_11;
    .scope S_0x5bacdfcd4e60;
T_12 ;
    %pushi/vec4 1, 0, 1;
    %store/vec4 v0x5bacdfd29370_0, 0, 1;
    %delay 20000, 0;
    %pushi/vec4 0, 0, 1;
    %store/vec4 v0x5bacdfd29370_0, 0, 1;
    %end;
    .thread T_12;
    .scope S_0x5bacdfcd4e60;
T_13 ;
T_13.0 ;
    %delay 10000, 0;
    %vpi_call 2 39 "$display", " STATE %d x %d  y %d  debug1 %d ", v0x5bacdfd28ad0_0, v0x5bacdfd28e00_0, v0x5bacdfd290c0_0, v0x5bacdfd25f70_0 {0 0 0};
    %jmp T_13.0;
    %end;
    .thread T_13;
    .scope S_0x5bacdfcd4e60;
T_14 ;
    %wait E_0x5bacdfc7aa00;
    %vpi_call 2 51 "$display", "Simulation finished at time %0t", $time {0 0 0};
    %vpi_call 2 52 "$finish" {0 0 0};
    %end;
    .thread T_14;
# The file index is used to find the file name in the following table.
:file_names 7;
    "N/A";
    "<interactive>";
    "tb.v";
    "top.v";
    "./components/div.v";
    "./components/mul.v";
    "./components/transform.v";
